<?xml version="1.0" encoding="utf-8"?>
<TestRun id="9487ddd5-6e8a-4189-9b63-aecfd5635bcd" name="gian.mario.falchi@WINAPYQLRBZU2JV 2026-05-30 00:03:42" runUser="AVANADE-CORP\gian.mario.falchi" xmlns="http://microsoft.com/schemas/VisualStudio/TeamTest/2010">
  <Times creation="2026-05-30T00:03:42.8438404+02:00" queuing="2026-05-30T00:03:42.8438411+02:00" start="2026-05-30T00:03:32.0071835+02:00" finish="2026-05-30T00:03:42.8463462+02:00" />
  <TestSettings name="default" id="9908383a-40fd-421e-88ed-443db7a290d6">
    <Deployment runDeploymentRoot="gian.mario.falchi_WINAPYQLRBZU2JV_2026-05-30_00_03_42" />
  </TestSettings>
  <TestLists>
    <TestList name="Risultati non in elenco" id="8c84fa94-04c1-424b-9868-57a2d4851a1d" />
    <TestList name="Tutti i risultati caricati" id="19431567-8539-422a-85d7-44ee4e166bda" />
  </TestLists>
  <ResultSummary outcome="Failed">
    <Counters total="0" executed="0" passed="0" failed="0" error="0" timeout="0" aborted="0" inconclusive="0" passedButRunAborted="0" notRunnable="0" notExecuted="0" disconnected="0" warning="0" completed="0" inProgress="0" pending="0" />
    <Output>
      <StdOut>Unhandled exception. System.IO.FileLoadException: Could not load file or assembly '\\wsl.localhost\Ubuntu\home\topogigio82\ChatAppConsole\TestProject1\bin\Debug\net10.0\testhost.dll'. Funzione non corretta. (0x80070001)&#xD;
File name: '\\wsl.localhost\Ubuntu\home\topogigio82\ChatAppConsole\TestProject1\bin\Debug\net10.0\testhost.dll'&#xD;
</StdOut>
    </Output>
    <RunInfos>
      <RunInfo computerName="WINAPYQLRBZU2JV" outcome="Error" timestamp="2026-05-30T00:03:42.7576563+02:00">
        <Text>Il processo Testhost per le origini '\\wsl.localhost\Ubuntu\home\topogigio82\ChatAppConsole\TestProject1\bin\Debug\net10.0\TestProject1.dll' è terminato con errore: Unhandled exception. System.IO.FileLoadException: Could not load file or assembly '\\wsl.localhost\Ubuntu\home\topogigio82\ChatAppConsole\TestProject1\bin\Debug\net10.0\testhost.dll'. Funzione non corretta. (0x80070001)&#xD;
File name: '\\wsl.localhost\Ubuntu\home\topogigio82\ChatAppConsole\TestProject1\bin\Debug\net10.0\testhost.dll'&#xD;
. Per altre informazioni, controllare i log di diagnostica.</Text>
      </RunInfo>
    </RunInfos>
  </ResultSummary>
</TestRun>