<?xml version="1.0" encoding="utf-8"?>
<TestRun id="a3a44b86-88ef-45c9-9dff-222195826050" name="gian.mario.falchi@WINAPYQLRBZU2JV 2026-05-28 20:22:07" runUser="AVANADE-CORP\gian.mario.falchi" xmlns="http://microsoft.com/schemas/VisualStudio/TeamTest/2010">
  <Times creation="2026-05-28T20:22:07.7778998+02:00" queuing="2026-05-28T20:22:07.7779006+02:00" start="2026-05-28T20:22:00.3601701+02:00" finish="2026-05-28T20:22:07.7786987+02:00" />
  <TestSettings name="default" id="5974112e-cf27-47d6-bd8e-fb9ab9ab8c64">
    <Deployment runDeploymentRoot="gian.mario.falchi_WINAPYQLRBZU2JV_2026-05-28_20_22_07" />
  </TestSettings>
  <TestLists>
    <TestList name="Risultati non in elenco" id="8c84fa94-04c1-424b-9868-57a2d4851a1d" />
    <TestList name="Tutti i risultati caricati" id="19431567-8539-422a-85d7-44ee4e166bda" />
  </TestLists>
  <ResultSummary outcome="Failed">
    <Counters total="0" executed="0" passed="0" failed="0" error="0" timeout="0" aborted="0" inconclusive="0" passedButRunAborted="0" notRunnable="0" notExecuted="0" disconnected="0" warning="0" completed="0" inProgress="0" pending="0" />
    <Output>
      <StdOut>Unhandled exception. System.IO.FileLoadException: Could not load file or assembly '\\wsl.localhost\Ubuntu\home\topogigio82\ChatAppConsole\TestProject1\bin\Debug\net10.0\testhost.dll'. Funzione non corretta. (0x80070001)&#xD;
File name: '\\wsl.localhost\Ubuntu\home\topogigio82\ChatAppConsole\TestProject1\bin\Debug\net10.0\testhost.dll'&#xD;
</StdOut>
    </Output>
    <RunInfos>
      <RunInfo computerName="WINAPYQLRBZU2JV" outcome="Error" timestamp="2026-05-28T20:22:07.7156949+02:00">
        <Text>Il processo Testhost per le origini '\\wsl.localhost\Ubuntu\home\topogigio82\ChatAppConsole\TestProject1\bin\Debug\net10.0\TestProject1.dll' è terminato con errore: Unhandled exception. System.IO.FileLoadException: Could not load file or assembly '\\wsl.localhost\Ubuntu\home\topogigio82\ChatAppConsole\TestProject1\bin\Debug\net10.0\testhost.dll'. Funzione non corretta. (0x80070001)&#xD;
File name: '\\wsl.localhost\Ubuntu\home\topogigio82\ChatAppConsole\TestProject1\bin\Debug\net10.0\testhost.dll'&#xD;
. Per altre informazioni, controllare i log di diagnostica.</Text>
      </RunInfo>
    </RunInfos>
  </ResultSummary>
</TestRun>